  ImageColorAdjuster.cpp
C:\Users\user\Desktop\Multimedia Technique & Application\HW1\HW1\Library\OpenCV\include\opencv2\calib3d.hpp(1,1): warning C4819: 檔案含有無法在目前字碼頁 (950) 中表示的字元。請以 Unicode 格式儲存檔案以防止資料遺失
C:\Users\user\Desktop\Multimedia Technique & Application\HW1\HW1\HW1\ImageColorAdjuster.cpp(20,12): warning C4244: '正在初始化': 將 'double' 轉換為 'float'，由於類型不同，可能導致資料遺失
C:\Users\user\Desktop\Multimedia Technique & Application\HW1\HW1\HW1\ImageColorAdjuster.cpp(21,13): warning C4244: '正在初始化': 將 'double' 轉換為 'float'，由於類型不同，可能導致資料遺失
C:\Users\user\Desktop\Multimedia Technique & Application\HW1\HW1\HW1\ImageColorAdjuster.cpp(22,13): warning C4244: '正在初始化': 將 'double' 轉換為 'float'，由於類型不同，可能導致資料遺失
C:\Users\user\Desktop\Multimedia Technique & Application\HW1\HW1\HW1\ImageColorAdjuster.cpp(25,11): warning C4244: '=': 將 'double' 轉換為 'float'，由於類型不同，可能導致資料遺失
C:\Users\user\Desktop\Multimedia Technique & Application\HW1\HW1\HW1\ImageColorAdjuster.cpp(28,10): warning C4244: '=': 將 'double' 轉換為 'float'，由於類型不同，可能導致資料遺失
C:\Users\user\Desktop\Multimedia Technique & Application\HW1\HW1\HW1\ImageColorAdjuster.cpp(29,31): warning C4244: '=': 將 'double' 轉換為 'float'，由於類型不同，可能導致資料遺失
C:\Users\user\Desktop\Multimedia Technique & Application\HW1\HW1\HW1\ImageColorAdjuster.cpp(30,10): warning C4244: '=': 將 'double' 轉換為 'float'，由於類型不同，可能導致資料遺失
C:\Users\user\Desktop\Multimedia Technique & Application\HW1\HW1\HW1\ImageColorAdjuster.cpp(53,12): warning C4244: '正在初始化': 將 'double' 轉換為 'float'，由於類型不同，可能導致資料遺失
C:\Users\user\Desktop\Multimedia Technique & Application\HW1\HW1\HW1\ImageColorAdjuster.cpp(54,13): warning C4244: '正在初始化': 將 'double' 轉換為 'float'，由於類型不同，可能導致資料遺失
C:\Users\user\Desktop\Multimedia Technique & Application\HW1\HW1\HW1\ImageColorAdjuster.cpp(55,13): warning C4244: '正在初始化': 將 'double' 轉換為 'float'，由於類型不同，可能導致資料遺失
C:\Users\user\Desktop\Multimedia Technique & Application\HW1\HW1\HW1\ImageColorAdjuster.cpp(58,11): warning C4244: '=': 將 'double' 轉換為 'float'，由於類型不同，可能導致資料遺失
C:\Users\user\Desktop\Multimedia Technique & Application\HW1\HW1\HW1\ImageColorAdjuster.cpp(61,10): warning C4244: '=': 將 'double' 轉換為 'float'，由於類型不同，可能導致資料遺失
C:\Users\user\Desktop\Multimedia Technique & Application\HW1\HW1\HW1\ImageColorAdjuster.cpp(62,31): warning C4244: '=': 將 'double' 轉換為 'float'，由於類型不同，可能導致資料遺失
C:\Users\user\Desktop\Multimedia Technique & Application\HW1\HW1\HW1\ImageColorAdjuster.cpp(63,10): warning C4244: '=': 將 'double' 轉換為 'float'，由於類型不同，可能導致資料遺失
  ImageScaler.cpp
C:\Users\user\Desktop\Multimedia Technique & Application\HW1\HW1\Library\OpenCV\include\opencv2\calib3d.hpp(1,1): warning C4819: 檔案含有無法在目前字碼頁 (950) 中表示的字元。請以 Unicode 格式儲存檔案以防止資料遺失
  正在產生程式碼
  12 of 478 functions ( 2.5%) were compiled, the rest were copied from previous compilation.
    8 functions were new in current compilation
    0 functions had inline decision re-evaluated but remain unchanged
  已完成程式碼產生
  HW1.vcxproj -> C:\Users\user\Desktop\Multimedia Technique & Application\HW1\HW1\x64\Release\HW1.exe
